<?xml version="1.0" encoding="UTF-8"?>
<testsuite xmlns:xsi="http://www.w3.org/2001/XMLSchema-instance" xsi:noNamespaceSchemaLocation="https://maven.apache.org/surefire/maven-surefire-plugin/xsd/surefire-test-report-3.0.xsd" version="3.0" name="com.kmrug.discordbot.BotTest" time="7.303" tests="13" errors="0" skipped="0" failures="0">
  <properties>
    <property name="java.specification.version" value="21"/>
    <property name="sun.cpu.isalist" value="amd64"/>
    <property name="sun.jnu.encoding" value="Cp1252"/>
    <property name="java.class.path" value="C:\Users\kisha\Desktop\minecraft-discord-bot\bot\target\test-classes;C:\Users\kisha\Desktop\minecraft-discord-bot\bot\target\classes;C:\Users\kisha\.m2\repository\org\junit\jupiter\junit-jupiter\5.12.1\junit-jupiter-5.12.1.jar;C:\Users\kisha\.m2\repository\org\junit\jupiter\junit-jupiter-api\5.12.1\junit-jupiter-api-5.12.1.jar;C:\Users\kisha\.m2\repository\org\opentest4j\opentest4j\1.3.0\opentest4j-1.3.0.jar;C:\Users\kisha\.m2\repository\org\junit\platform\junit-platform-commons\1.12.1\junit-platform-commons-1.12.1.jar;C:\Users\kisha\.m2\repository\org\apiguardian\apiguardian-api\1.1.2\apiguardian-api-1.1.2.jar;C:\Users\kisha\.m2\repository\org\junit\jupiter\junit-jupiter-params\5.12.1\junit-jupiter-params-5.12.1.jar;C:\Users\kisha\.m2\repository\org\junit\jupiter\junit-jupiter-engine\5.12.1\junit-jupiter-engine-5.12.1.jar;C:\Users\kisha\.m2\repository\org\junit\platform\junit-platform-engine\1.12.1\junit-platform-engine-1.12.1.jar;C:\Users\kisha\.m2\repository\net\dv8tion\JDA\5.0.0-beta.3\JDA-5.0.0-beta.3.jar;C:\Users\kisha\.m2\repository\org\slf4j\slf4j-api\1.7.36\slf4j-api-1.7.36.jar;C:\Users\kisha\.m2\repository\com\neovisionaries\nv-websocket-client\2.14\nv-websocket-client-2.14.jar;C:\Users\kisha\.m2\repository\com\squareup\okhttp3\okhttp\4.10.0\okhttp-4.10.0.jar;C:\Users\kisha\.m2\repository\com\squareup\okio\okio-jvm\3.0.0\okio-jvm-3.0.0.jar;C:\Users\kisha\.m2\repository\org\jetbrains\kotlin\kotlin-stdlib-jdk8\1.5.31\kotlin-stdlib-jdk8-1.5.31.jar;C:\Users\kisha\.m2\repository\org\jetbrains\kotlin\kotlin-stdlib-jdk7\1.5.31\kotlin-stdlib-jdk7-1.5.31.jar;C:\Users\kisha\.m2\repository\club\minnced\opus-java\1.1.1\opus-java-1.1.1.jar;C:\Users\kisha\.m2\repository\club\minnced\opus-java-api\1.1.1\opus-java-api-1.1.1.jar;C:\Users\kisha\.m2\repository\net\java\dev\jna\jna\4.4.0\jna-4.4.0.jar;C:\Users\kisha\.m2\repository\club\minnced\opus-java-natives\1.1.1\opus-java-natives-1.1.1.jar;C:\Users\kisha\.m2\repository\org\apache\commons\commons-collections4\4.4\commons-collections4-4.4.jar;C:\Users\kisha\.m2\repository\net\sf\trove4j\trove4j\3.0.3\trove4j-3.0.3.jar;C:\Users\kisha\.m2\repository\com\fasterxml\jackson\core\jackson-core\2.14.1\jackson-core-2.14.1.jar;C:\Users\kisha\.m2\repository\com\fasterxml\jackson\core\jackson-databind\2.14.1\jackson-databind-2.14.1.jar;C:\Users\kisha\.m2\repository\com\fasterxml\jackson\core\jackson-annotations\2.14.1\jackson-annotations-2.14.1.jar;C:\Users\kisha\.m2\repository\io\github\cdimascio\java-dotenv\5.2.2\java-dotenv-5.2.2.jar;C:\Users\kisha\.m2\repository\org\jetbrains\kotlin\kotlin-stdlib\1.4.0\kotlin-stdlib-1.4.0.jar;C:\Users\kisha\.m2\repository\org\jetbrains\kotlin\kotlin-stdlib-common\1.4.0\kotlin-stdlib-common-1.4.0.jar;C:\Users\kisha\.m2\repository\org\jetbrains\annotations\13.0\annotations-13.0.jar;C:\Users\kisha\.m2\repository\org\apache\logging\log4j\log4j-core\2.24.3\log4j-core-2.24.3.jar;C:\Users\kisha\.m2\repository\org\apache\logging\log4j\log4j-layout-template-json\2.24.3\log4j-layout-template-json-2.24.3.jar;C:\Users\kisha\.m2\repository\org\apache\logging\log4j\log4j-api\2.24.3\log4j-api-2.24.3.jar;C:\Users\kisha\.m2\repository\org\apache\logging\log4j\log4j-slf4j-impl\2.24.3\log4j-slf4j-impl-2.24.3.jar;C:\Users\kisha\.m2\repository\org\mockito\mockito-core\5.11.0\mockito-core-5.11.0.jar;C:\Users\kisha\.m2\repository\net\bytebuddy\byte-buddy\1.14.12\byte-buddy-1.14.12.jar;C:\Users\kisha\.m2\repository\net\bytebuddy\byte-buddy-agent\1.14.12\byte-buddy-agent-1.14.12.jar;C:\Users\kisha\.m2\repository\org\objenesis\objenesis\3.3\objenesis-3.3.jar;"/>
    <property name="java.vm.vendor" value="Oracle Corporation"/>
    <property name="sun.arch.data.model" value="64"/>
    <property name="user.variant" value=""/>
    <property name="java.vendor.url" value="https://java.oracle.com/"/>
    <property name="user.timezone" value="Asia/Riyadh"/>
    <property name="os.name" value="Windows 10"/>
    <property name="java.vm.specification.version" value="21"/>
    <property name="user.country" value="US"/>
    <property name="sun.java.launcher" value="SUN_STANDARD"/>
    <property name="sun.boot.library.path" value="C:\Program Files\Java\jdk-21\bin"/>
    <property name="sun.java.command" value="C:\Users\kisha\AppData\Local\Temp\surefire1735297370900887560\surefirebooter-20250329012023989_3.jar C:\Users\kisha\AppData\Local\Temp\surefire1735297370900887560 2025-03-29T01-20-23_739-jvmRun1 surefire-20250329012023989_1tmp surefire_0-20250329012023989_2tmp"/>
    <property name="jdk.debug" value="release"/>
    <property name="test" value="com.kmrug.discordbot.BotTest"/>
    <property name="surefire.test.class.path" value="C:\Users\kisha\Desktop\minecraft-discord-bot\bot\target\test-classes;C:\Users\kisha\Desktop\minecraft-discord-bot\bot\target\classes;C:\Users\kisha\.m2\repository\org\junit\jupiter\junit-jupiter\5.12.1\junit-jupiter-5.12.1.jar;C:\Users\kisha\.m2\repository\org\junit\jupiter\junit-jupiter-api\5.12.1\junit-jupiter-api-5.12.1.jar;C:\Users\kisha\.m2\repository\org\opentest4j\opentest4j\1.3.0\opentest4j-1.3.0.jar;C:\Users\kisha\.m2\repository\org\junit\platform\junit-platform-commons\1.12.1\junit-platform-commons-1.12.1.jar;C:\Users\kisha\.m2\repository\org\apiguardian\apiguardian-api\1.1.2\apiguardian-api-1.1.2.jar;C:\Users\kisha\.m2\repository\org\junit\jupiter\junit-jupiter-params\5.12.1\junit-jupiter-params-5.12.1.jar;C:\Users\kisha\.m2\repository\org\junit\jupiter\junit-jupiter-engine\5.12.1\junit-jupiter-engine-5.12.1.jar;C:\Users\kisha\.m2\repository\org\junit\platform\junit-platform-engine\1.12.1\junit-platform-engine-1.12.1.jar;C:\Users\kisha\.m2\repository\net\dv8tion\JDA\5.0.0-beta.3\JDA-5.0.0-beta.3.jar;C:\Users\kisha\.m2\repository\org\slf4j\slf4j-api\1.7.36\slf4j-api-1.7.36.jar;C:\Users\kisha\.m2\repository\com\neovisionaries\nv-websocket-client\2.14\nv-websocket-client-2.14.jar;C:\Users\kisha\.m2\repository\com\squareup\okhttp3\okhttp\4.10.0\okhttp-4.10.0.jar;C:\Users\kisha\.m2\repository\com\squareup\okio\okio-jvm\3.0.0\okio-jvm-3.0.0.jar;C:\Users\kisha\.m2\repository\org\jetbrains\kotlin\kotlin-stdlib-jdk8\1.5.31\kotlin-stdlib-jdk8-1.5.31.jar;C:\Users\kisha\.m2\repository\org\jetbrains\kotlin\kotlin-stdlib-jdk7\1.5.31\kotlin-stdlib-jdk7-1.5.31.jar;C:\Users\kisha\.m2\repository\club\minnced\opus-java\1.1.1\opus-java-1.1.1.jar;C:\Users\kisha\.m2\repository\club\minnced\opus-java-api\1.1.1\opus-java-api-1.1.1.jar;C:\Users\kisha\.m2\repository\net\java\dev\jna\jna\4.4.0\jna-4.4.0.jar;C:\Users\kisha\.m2\repository\club\minnced\opus-java-natives\1.1.1\opus-java-natives-1.1.1.jar;C:\Users\kisha\.m2\repository\org\apache\commons\commons-collections4\4.4\commons-collections4-4.4.jar;C:\Users\kisha\.m2\repository\net\sf\trove4j\trove4j\3.0.3\trove4j-3.0.3.jar;C:\Users\kisha\.m2\repository\com\fasterxml\jackson\core\jackson-core\2.14.1\jackson-core-2.14.1.jar;C:\Users\kisha\.m2\repository\com\fasterxml\jackson\core\jackson-databind\2.14.1\jackson-databind-2.14.1.jar;C:\Users\kisha\.m2\repository\com\fasterxml\jackson\core\jackson-annotations\2.14.1\jackson-annotations-2.14.1.jar;C:\Users\kisha\.m2\repository\io\github\cdimascio\java-dotenv\5.2.2\java-dotenv-5.2.2.jar;C:\Users\kisha\.m2\repository\org\jetbrains\kotlin\kotlin-stdlib\1.4.0\kotlin-stdlib-1.4.0.jar;C:\Users\kisha\.m2\repository\org\jetbrains\kotlin\kotlin-stdlib-common\1.4.0\kotlin-stdlib-common-1.4.0.jar;C:\Users\kisha\.m2\repository\org\jetbrains\annotations\13.0\annotations-13.0.jar;C:\Users\kisha\.m2\repository\org\apache\logging\log4j\log4j-core\2.24.3\log4j-core-2.24.3.jar;C:\Users\kisha\.m2\repository\org\apache\logging\log4j\log4j-layout-template-json\2.24.3\log4j-layout-template-json-2.24.3.jar;C:\Users\kisha\.m2\repository\org\apache\logging\log4j\log4j-api\2.24.3\log4j-api-2.24.3.jar;C:\Users\kisha\.m2\repository\org\apache\logging\log4j\log4j-slf4j-impl\2.24.3\log4j-slf4j-impl-2.24.3.jar;C:\Users\kisha\.m2\repository\org\mockito\mockito-core\5.11.0\mockito-core-5.11.0.jar;C:\Users\kisha\.m2\repository\net\bytebuddy\byte-buddy\1.14.12\byte-buddy-1.14.12.jar;C:\Users\kisha\.m2\repository\net\bytebuddy\byte-buddy-agent\1.14.12\byte-buddy-agent-1.14.12.jar;C:\Users\kisha\.m2\repository\org\objenesis\objenesis\3.3\objenesis-3.3.jar;"/>
    <property name="sun.cpu.endian" value="little"/>
    <property name="user.home" value="C:\Users\kisha"/>
    <property name="user.language" value="en"/>
    <property name="java.specification.vendor" value="Oracle Corporation"/>
    <property name="java.version.date" value="2024-10-15"/>
    <property name="java.home" value="C:\Program Files\Java\jdk-21"/>
    <property name="file.separator" value="\"/>
    <property name="basedir" value="C:\Users\kisha\Desktop\minecraft-discord-bot\bot"/>
    <property name="java.vm.compressedOopsMode" value="Zero based"/>
    <property name="line.separator" value="&#10;"/>
    <property name="java.vm.specification.vendor" value="Oracle Corporation"/>
    <property name="java.specification.name" value="Java Platform API Specification"/>
    <property name="surefire.real.class.path" value="C:\Users\kisha\AppData\Local\Temp\surefire1735297370900887560\surefirebooter-20250329012023989_3.jar"/>
    <property name="user.script" value=""/>
    <property name="sun.management.compiler" value="HotSpot 64-Bit Tiered Compilers"/>
    <property name="java.runtime.version" value="21.0.5+9-LTS-239"/>
    <property name="user.name" value="kisha"/>
    <property name="stdout.encoding" value="Cp1252"/>
    <property name="path.separator" value=";"/>
    <property name="os.version" value="10.0"/>
    <property name="java.runtime.name" value="Java(TM) SE Runtime Environment"/>
    <property name="file.encoding" value="UTF-8"/>
    <property name="java.vm.name" value="Java HotSpot(TM) 64-Bit Server VM"/>
    <property name="maven.ext.class.path" value="C:\Users\kisha\.vscode\extensions\oracle.oracle-java-23.1.0\nbcode\java\maven-nblib\netbeans-eventspy.jar"/>
    <property name="localRepository" value="C:\Users\kisha\.m2\repository"/>
    <property name="java.vendor.url.bug" value="https://bugreport.java.com/bugreport/"/>
    <property name="java.io.tmpdir" value="C:\Users\kisha\AppData\Local\Temp\"/>
    <property name="java.version" value="21.0.5"/>
    <property name="user.dir" value="C:\Users\kisha\Desktop\minecraft-discord-bot\bot"/>
    <property name="os.arch" value="amd64"/>
    <property name="java.vm.specification.name" value="Java Virtual Machine Specification"/>
    <property name="sun.os.patch.level" value=""/>
    <property name="native.encoding" value="Cp1252"/>
    <property name="java.library.path" value="C:\Program Files\Java\jdk-21\bin;C:\WINDOWS\Sun\Java\bin;C:\WINDOWS\system32;C:\WINDOWS;C:\oraclexe\app\oracle\product\11.2.0\server\bin;C:\Program Files (x86)\Razer Chroma SDK\bin;C:\Program Files\Razer Chroma SDK\bin;C:\Program Files (x86)\Razer\ChromaBroadcast\bin;C:\Program Files\Razer\ChromaBroadcast\bin;C:\Python310\Scripts\;C:\Python310\;C:\Program Files\Common Files\Oracle\Java\javapath;C:\Windows\system32;C:\Windows;C:\Windows\System32\Wbem;C:\Windows\System32\WindowsPowerShell\v1.0\;C:\Windows\System32\OpenSSH\;C:\WINDOWS\system32;C:\WINDOWS;C:\WINDOWS\System32\Wbem;C:\WINDOWS\System32\WindowsPowerShell\v1.0\;C:\WINDOWS\System32\OpenSSH\;C:\Program Files\Git\cmd;C:\Program Files\NVIDIA Corporation\NVIDIA NvDLISR;C:\Program Files\php;C:\Program Files\nodejs\;C:\ProgramData\chocolatey\bin;C:\Program Files\dotnet\;C:\Program Files (x86)\NVIDIA Corporation\PhysX\Common;C:\Program Files\Intel\Intel(R) Memory and Storage Tool\;C:\ProgramData\ComposerSetup\bin;C:\WINDOWS\system32\config\systemprofile\AppData\Local\Microsoft\WindowsApps;C:\WINDOWS\System32\OpenSSH\;C:\Program Files\NVIDIA Corporation\NVIDIA app\NvDLISR;C:\Program Files\apache-maven-3.9.9-bin\apache-maven-3.9.9\bin;C:\Program Files\playit_gg\bin\;C:\Program Files\Docker\Docker\resources\bin;C:\Users\kisha\AppData\Local\Programs\Python\Python39\Scripts\;C:\Users\kisha\AppData\Local\Programs\Python\Python39\;C:\Users\kisha\AppData\Local\Microsoft\WindowsApps;C:\Program Files\Java\jdk-16.0.2\bin;C:\Program Files\JetBrains\PyCharm 2021.2.2\bin;;C:\OCaml64\bin;C:\OCaml64\home\kisha\.opam\4.12.0+mingw64c\bin;C:\Users\kisha\AppData\Local\Programs\Microsoft VS Code\bin;C:\Users\kisha\AppData\Roaming\npm;C:\Program Files\heroku\bin;C:\Users\kisha\AppData\Roaming\Composer\vendor\bin;."/>
    <property name="java.vm.info" value="mixed mode, sharing"/>
    <property name="stderr.encoding" value="Cp1252"/>
    <property name="java.vendor" value="Oracle Corporation"/>
    <property name="java.vm.version" value="21.0.5+9-LTS-239"/>
    <property name="sun.io.unicode.encoding" value="UnicodeLittle"/>
    <property name="java.class.version" value="65.0"/>
  </properties>
  <testcase name="testIsPrintingOSInfo" classname="com.kmrug.discordbot.BotTest" time="5.495">
    <system-out><![CDATA[2025-03-28T22:20:29.500855300Z main INFO Starting configuration XmlConfiguration[location=C:\Users\kisha\Desktop\minecraft-discord-bot\bot\target\classes\log4j2.xml, lastModified=2025-03-17T15:37:00.992Z]...
2025-03-28T22:20:29.502854100Z main INFO Start watching for changes to C:\Users\kisha\Desktop\minecraft-discord-bot\bot\target\classes\log4j2.xml every 0 seconds
2025-03-28T22:20:29.502854100Z main INFO Configuration XmlConfiguration[location=C:\Users\kisha\Desktop\minecraft-discord-bot\bot\target\classes\log4j2.xml, lastModified=2025-03-17T15:37:00.992Z] started.
2025-03-28T22:20:29.506853700Z main INFO Stopping configuration org.apache.logging.log4j.core.config.DefaultConfiguration@5bcec67e...
2025-03-28T22:20:29.508897400Z main INFO Configuration org.apache.logging.log4j.core.config.DefaultConfiguration@5bcec67e stopped.
[2025-03-29 01:20:30] [INFO] com.kmrug.discordbot.Bot - Server is running and online
]]></system-out>
    <system-err><![CDATA[WARNING: A Java agent has been loaded dynamically (C:\Users\kisha\.m2\repository\net\bytebuddy\byte-buddy-agent\1.14.12\byte-buddy-agent-1.14.12.jar)
WARNING: If a serviceability tool is in use, please run with -XX:+EnableDynamicAgentLoading to hide this warning
WARNING: If a serviceability tool is not in use, please run with -Djdk.instrument.traceUsage for more information
WARNING: Dynamic loading of agents will be disallowed by default in a future release
]]></system-err>
  </testcase>
  <testcase name="testServerProcess" classname="com.kmrug.discordbot.BotTest" time="0.01">
    <system-out><![CDATA[[2025-03-29 01:20:30] [WARN] com.kmrug.discordbot.Bot - Minecraft server is already running!
]]></system-out>
  </testcase>
  <testcase name="testIdleStartTimer" classname="com.kmrug.discordbot.BotTest" time="0.007"/>
  <testcase name="testServerEnvironment" classname="com.kmrug.discordbot.BotTest" time="0.008"/>
  <testcase name="testIsNotTextChannel" classname="com.kmrug.discordbot.BotTest" time="0.02">
    <system-out><![CDATA[[2025-03-29 01:20:30] [WARN] com.kmrug.discordbot.Bot - This command can only be used in a text channel!
]]></system-out>
  </testcase>
  <testcase name="testGetLogTimestamp" classname="com.kmrug.discordbot.BotTest" time="0.011"/>
  <testcase name="testIsProcessAlive" classname="com.kmrug.discordbot.BotTest" time="0.01">
    <system-out><![CDATA[[2025-03-29 01:20:30] [WARN] com.kmrug.discordbot.Bot - No server is running.
]]></system-out>
  </testcase>
  <testcase name="testIsTextChannel" classname="com.kmrug.discordbot.BotTest" time="0.01"/>
  <testcase name="testLogFileExists" classname="com.kmrug.discordbot.BotTest" time="0.008"/>
  <testcase name="testLogFileExistsInPlayerCount" classname="com.kmrug.discordbot.BotTest" time="0.068">
    <system-out><![CDATA[[2025-03-29 01:20:30] [WARN] com.kmrug.discordbot.Bot - No server is running.
]]></system-out>
  </testcase>
  <testcase name="testIsProcessNotRunning" classname="com.kmrug.discordbot.BotTest" time="0.012">
    <system-out><![CDATA[[2025-03-29 01:20:30] [ERROR] com.kmrug.discordbot.Bot - [BOT WARNING] Server process is running, but port is closed.
]]></system-out>
  </testcase>
  <testcase name="testNoLogFileExists" classname="com.kmrug.discordbot.BotTest" time="0.01"/>
  <testcase name="testCorrectPlayerCount" classname="com.kmrug.discordbot.BotTest" time="1.577">
    <system-out><![CDATA[[2025-03-29 01:20:32] [INFO] com.kmrug.discordbot.Bot - 📊 Players Online: 5/10
]]></system-out>
  </testcase>
</testsuite>